{
  "RSpec": {
    "coverage": {
      "/Users/lelandcurtis/turing/mod1/enigma/lib/cypher.rb": {
        "lines": [
          1,
          1,
          null,
          1,
          56,
          56,
          56,
          null,
          null,
          1,
          62,
          310,
          62,
          null,
          null,
          1,
          310,
          null,
          null,
          1,
          295,
          null,
          null
        ]
      },
      "/Users/lelandcurtis/turing/mod1/enigma/spec/encoder_spec.rb": {
        "lines": [
          1,
          1,
          null,
          1,
          1,
          null,
          1,
          1,
          31,
          31,
          31,
          31,
          31,
          null,
          null,
          1,
          1,
          1,
          null,
          1,
          1,
          1,
          null,
          null,
          null,
          1,
          1,
          1,
          1,
          1,
          null,
          1,
          1,
          1,
          1,
          null,
          null,
          null,
          1,
          1,
          1,
          1,
          null,
          1,
          1,
          null,
          null,
          null,
          1,
          1,
          1,
          null,
          1,
          1,
          null,
          1,
          1,
          null,
          null,
          null,
          1,
          1,
          1,
          null,
          1,
          1,
          1,
          null,
          null,
          null,
          1,
          1,
          1,
          null,
          1,
          1,
          1,
          null,
          null,
          null,
          1,
          1,
          1,
          null,
          1,
          9,
          null,
          1,
          1,
          1,
          null,
          null,
          null,
          1,
          1,
          1,
          null,
          1,
          9,
          null,
          1,
          1,
          1,
          null,
          null,
          null,
          1,
          1,
          1,
          null,
          1,
          1,
          null,
          1,
          1,
          null,
          1,
          1,
          null,
          null,
          null,
          1,
          1,
          1,
          null,
          1,
          1,
          null,
          null,
          null,
          1,
          1,
          1,
          null,
          1,
          1,
          null,
          null,
          null,
          1,
          1,
          1,
          null,
          1,
          1,
          1,
          null,
          null,
          null,
          1,
          1,
          1,
          null,
          1,
          1,
          1,
          null,
          null,
          null,
          null
        ]
      },
      "/Users/lelandcurtis/turing/mod1/enigma/lib/encoder.rb": {
        "lines": [
          1,
          null,
          1,
          1,
          null,
          1,
          44,
          44,
          null,
          null,
          1,
          614,
          null,
          null,
          1,
          245,
          null,
          null,
          1,
          368,
          368,
          null,
          null,
          1,
          27,
          null,
          null,
          1,
          284,
          null,
          null,
          1,
          15,
          15,
          156,
          null,
          15,
          null,
          null,
          1,
          14,
          14,
          145,
          null,
          14,
          null,
          null,
          1,
          12,
          144,
          null,
          null,
          1,
          11,
          132,
          null,
          null,
          1,
          22,
          22,
          271,
          242,
          null,
          29,
          null,
          null,
          null,
          null,
          1,
          10,
          null,
          null,
          1,
          8,
          null,
          null
        ]
      },
      "/Users/lelandcurtis/turing/mod1/enigma/spec/enigma_spec.rb": {
        "lines": [
          1,
          1,
          null,
          1,
          1,
          1,
          1,
          null,
          1,
          1,
          19,
          null,
          1,
          1,
          1,
          null,
          1,
          null,
          null,
          null,
          1,
          1,
          17,
          17,
          17,
          null,
          null,
          1,
          1,
          1,
          null,
          1,
          1,
          null,
          null,
          null,
          1,
          1,
          1,
          null,
          1,
          1,
          null,
          null,
          null,
          1,
          1,
          1,
          null,
          1,
          1,
          1,
          null,
          1,
          1,
          null,
          1,
          1,
          null,
          1,
          1,
          null,
          1,
          1,
          1,
          null,
          1,
          1,
          1,
          1,
          null,
          null,
          null,
          1,
          1,
          6,
          null,
          1,
          1,
          null,
          1,
          1,
          1,
          null,
          1,
          1,
          null,
          1,
          1,
          null,
          1,
          1,
          null,
          1,
          1,
          1,
          null,
          null,
          null,
          null
        ]
      },
      "/Users/lelandcurtis/turing/mod1/enigma/lib/enigma.rb": {
        "lines": [
          1,
          1,
          1,
          null,
          1,
          null,
          1,
          null,
          null,
          1,
          2,
          null,
          null,
          1,
          2,
          null,
          null,
          1,
          7,
          7,
          7,
          7,
          null,
          null,
          1,
          6,
          6,
          6,
          6,
          null,
          null
        ]
      }
    },
    "timestamp": 1636678970
  }
}
