{
  "RSpec": {
    "coverage": {
      "/Users/lelandcurtis/turing/mod1/enigma/lib/cypher.rb": {
        "lines": [
          1,
          1,
          null,
          1,
          55,
          55,
          55,
          null,
          null,
          1,
          61,
          305,
          61,
          null,
          null,
          1,
          305,
          null,
          null,
          1,
          290,
          null,
          null
        ]
      },
      "/Users/lelandcurtis/turing/mod1/enigma/spec/encoder_spec.rb": {
        "lines": [
          1,
          1,
          null,
          1,
          1,
          null,
          1,
          1,
          31,
          31,
          31,
          31,
          31,
          null,
          null,
          1,
          1,
          1,
          null,
          1,
          1,
          1,
          null,
          null,
          null,
          1,
          1,
          1,
          1,
          1,
          null,
          1,
          1,
          1,
          1,
          null,
          null,
          null,
          1,
          1,
          1,
          1,
          null,
          1,
          1,
          null,
          null,
          null,
          1,
          1,
          1,
          null,
          1,
          1,
          null,
          1,
          1,
          null,
          null,
          null,
          1,
          1,
          1,
          null,
          1,
          1,
          1,
          null,
          null,
          null,
          1,
          1,
          1,
          null,
          1,
          1,
          1,
          null,
          null,
          null,
          1,
          1,
          1,
          null,
          1,
          9,
          null,
          1,
          1,
          1,
          null,
          null,
          null,
          1,
          1,
          1,
          null,
          1,
          9,
          null,
          1,
          1,
          1,
          null,
          null,
          null,
          1,
          1,
          1,
          null,
          1,
          1,
          null,
          1,
          1,
          null,
          1,
          1,
          null,
          null,
          null,
          1,
          1,
          1,
          null,
          1,
          1,
          null,
          null,
          null,
          1,
          1,
          1,
          null,
          1,
          1,
          null,
          null,
          null,
          1,
          1,
          1,
          null,
          1,
          1,
          1,
          null,
          null,
          null,
          1,
          1,
          1,
          null,
          1,
          1,
          1,
          null,
          null,
          null,
          null
        ]
      },
      "/Users/lelandcurtis/turing/mod1/enigma/lib/encoder.rb": {
        "lines": [
          1,
          null,
          1,
          1,
          null,
          1,
          43,
          43,
          null,
          null,
          1,
          814,
          null,
          null,
          1,
          234,
          null,
          null,
          1,
          355,
          355,
          null,
          null,
          1,
          26,
          null,
          null,
          1,
          272,
          null,
          null,
          1,
          14,
          14,
          145,
          null,
          14,
          null,
          null,
          1,
          14,
          14,
          145,
          null,
          14,
          null,
          null,
          1,
          11,
          132,
          null,
          null,
          1,
          11,
          132,
          null,
          null,
          1,
          21,
          21,
          259,
          35,
          35,
          224,
          196,
          196,
          null,
          28,
          null,
          null,
          21,
          null,
          null,
          1,
          9,
          null,
          null,
          1,
          8,
          null,
          null
        ]
      },
      "/Users/lelandcurtis/turing/mod1/enigma/spec/enigma_spec.rb": {
        "lines": [
          1,
          1,
          null,
          1,
          1,
          1,
          1,
          null,
          1,
          1,
          16,
          null,
          1,
          1,
          1,
          null,
          1,
          null,
          null,
          null,
          1,
          1,
          14,
          14,
          14,
          null,
          null,
          1,
          1,
          1,
          null,
          1,
          1,
          null,
          null,
          null,
          1,
          1,
          1,
          null,
          1,
          1,
          1,
          null,
          1,
          1,
          null,
          1,
          1,
          null,
          1,
          1,
          null,
          1,
          1,
          1,
          null,
          null,
          null,
          1,
          1,
          6,
          null,
          1,
          1,
          null,
          1,
          1,
          1,
          null,
          1,
          1,
          null,
          1,
          1,
          null,
          1,
          1,
          null,
          1,
          1,
          1,
          null,
          null,
          null,
          null
        ]
      },
      "/Users/lelandcurtis/turing/mod1/enigma/lib/enigma.rb": {
        "lines": [
          1,
          1,
          1,
          null,
          1,
          null,
          1,
          null,
          null,
          1,
          2,
          null,
          null,
          1,
          6,
          6,
          6,
          6,
          null,
          null,
          1,
          6,
          6,
          6,
          6,
          null,
          null
        ]
      }
    },
    "timestamp": 1636675436
  }
}
